<?xml version="1.0" encoding="UTF-8"?>
<testsuite xmlns:xsi="http://www.w3.org/2001/XMLSchema-instance" xsi:noNamespaceSchemaLocation="https://maven.apache.org/surefire/maven-surefire-plugin/xsd/surefire-test-report.xsd" name="PosterManagerTest" time="0.186" tests="7" errors="0" skipped="0" failures="0">
  <properties>
[...]
</properties>
  <testcase name="shouldLeaveTenFilms" classname="PosterManagerTest" time="0.067"/>
  <testcase name="showAllMoviesInReverseOrder" classname="PosterManagerTest" time="0"/>
  <testcase name="shouldRemainEmpty" classname="PosterManagerTest" time="0.001"/>
  <testcase name="shouldSaveInConstructorRange" classname="PosterManagerTest" time="0"/>
  <testcase name="shouldSaveNineFilms" classname="PosterManagerTest" time="0.003"/>
  <testcase name="shouldSaveOneFilm" classname="PosterManagerTest" time="0.002"/>
  <testcase name="showAllAddedMovies" classname="PosterManagerTest" time="0.009"/>
</testsuite>